<?xml version="1.0" encoding="UTF-8"?>
<!-- Generated by org.testng.reporters.JUnitReportReporter -->
<testsuite hostname="DESKTOP-VPG8QQH" failures="0" tests="1" name="com.book.tests.RegisterTest" time="3.949" errors="0" timestamp="2025-01-15T13:14:32 GMT" skipped="0">
  <testcase classname="com.book.tests.RegisterTest" name="UserLoginTest" time="3.949"/>
  <system-out/>
</testsuite> <!-- com.book.tests.RegisterTest -->
